Arguments: 
  /usr/local/bin/node /usr/local/Cellar/yarn/1.6.0/libexec/bin/yarn.js init

PATH: 
  /Users/Namikawa/emsdk_portable/emscripten/1.35.0:/opt/local/bin:/opt/local/sbin:/usr/local/Celllar/postgresql/10.4/bin/:/Users/Namikawa/emsdk_portable/emscripten/1.35.0:/opt/local/bin:/opt/local/sbin:/Users/Namikawa/.rbenv/shims:/usr/local/bin:/usr/bin:/bin:/usr/sbin:/sbin:/Library/TeX/texbin:/opt/ImageMagick/bin:/Users/Namikawa/.nodebrew/current/bin

Yarn version: 
  1.6.0

Node version: 
  9.5.0

Platform: 
  darwin x64

Trace: 
  Error: canceled
      at Interface.<anonymous> (/usr/local/Cellar/yarn/1.6.0/libexec/lib/cli.js:129516:13)
      at Interface.emit (events.js:160:13)
      at Interface._ttyWrite (readline.js:785:16)
      at ReadStream.onkeypress (readline.js:165:10)
      at ReadStream.emit (events.js:160:13)
      at emitKeys (internal/readline.js:420:14)
      at emitKeys.next (<anonymous>)
      at ReadStream.onData (readline.js:1021:36)
      at ReadStream.emit (events.js:160:13)
      at addChunk (_stream_readable.js:269:12)

npm manifest: 
  {
    "name": "cosmic-sound",
    "version": "1.0.0",
    "main": "powerspec1.js",
    "repository": "git@github.com:nami634/MaxDataTest.git",
    "author": "nami634 <cigarbox.nami@gmail.com>",
    "license": "MIT",
    "dependencies": {
      "cubic-spline": "^1.0.4",
      "fs": "^0.0.1-security"
    }
  }

yarn manifest: 
  No manifest

Lockfile: 
  # THIS IS AN AUTOGENERATED FILE. DO NOT EDIT THIS FILE DIRECTLY.
  # yarn lockfile v1
  
  
  fs@^0.0.1-security:
    version "0.0.1-security"
    resolved "https://registry.yarnpkg.com/fs/-/fs-0.0.1-security.tgz#8a7bd37186b6dddf3813f23858b57ecaaf5e41d4"
